#! /c/Source/iverilog-install/bin/vvp
:ivl_version "12.0 (devel)" "(s20150603-1539-g2693dd32b)";
:ivl_delay_selection "TYPICAL";
:vpi_time_precision - 9;
:vpi_module "C:\Users\CY-PC\program\iverilog\lib\ivl\system.vpi";
:vpi_module "C:\Users\CY-PC\program\iverilog\lib\ivl\vhdl_sys.vpi";
:vpi_module "C:\Users\CY-PC\program\iverilog\lib\ivl\vhdl_textio.vpi";
:vpi_module "C:\Users\CY-PC\program\iverilog\lib\ivl\v2005_math.vpi";
:vpi_module "C:\Users\CY-PC\program\iverilog\lib\ivl\va_math.vpi";
S_00000189f9d5da30 .scope module, "i2c_master_tb" "i2c_master_tb" 2 4;
 .timescale -9 -9;
P_00000189f9d90f00 .param/l "CLK_PERIOD" 0 2 13, +C4<00000000000000000000000001010011>;
P_00000189f9d90f38 .param/l "U_DLY" 0 2 12, +C4<00000000000000000000000000000001>;
v00000189fa1ad220_0 .var "clk", 0 0;
v00000189fa1abec0_0 .var "conti_receive", 0 0;
v00000189fa1ad2c0_0 .var "conti_write", 0 0;
v00000189fa1ab7e0_0 .net "flag_ack", 0 0, v00000189f9d61060_0;  1 drivers
v00000189fa1ac3c0_0 .net "flag_nack", 0 0, v00000189f9d608e0_0;  1 drivers
v00000189fa1acc80_0 .net "flag_restar", 0 0, v00000189f9d60c00_0;  1 drivers
v00000189fa1abba0_0 .net "flag_start", 0 0, v00000189f9d605c0_0;  1 drivers
v00000189fa1abf60_0 .net "flag_stop", 0 0, v00000189f9d60340_0;  1 drivers
v00000189fa1aba60_0 .var "i2c_begin", 0 0;
v00000189fa1ad360_0 .var "i2c_begin_finish", 0 0;
v00000189fa1ab600_0 .var "i2c_rw", 0 0;
v00000189fa1acdc0_0 .var "i2c_slave_addr", 7 0;
v00000189fa1ad400_0 .var "init_finish", 0 0;
v00000189fa1acb40_0 .net "read_data", 7 0, v00000189f9d607a0_0;  1 drivers
v00000189fa1ad4a0_0 .net "read_en", 0 0, v00000189f9d60a20_0;  1 drivers
v00000189fa1ac1e0_0 .var "rst_n", 0 0;
v00000189fa1ac6e0_0 .net "scl_out", 0 0, v00000189fa1ace60_0;  1 drivers
v00000189fa1abc40_0 .var "sda_in", 0 0;
v00000189fa1ab6a0_0 .net "sda_out", 0 0, v00000189fa1ac5a0_0;  1 drivers
v00000189fa1aca00_0 .var "write_data", 7 0;
v00000189fa1ab740_0 .var "write_en", 0 0;
S_00000189f9e0a5c0 .scope task, "generate_i2c_start" "generate_i2c_start" 2 30, 2 30 0, S_00000189f9d5da30;
 .timescale -9 -9;
v00000189f9ddea90_0 .var "begin_time", 15 0;
TD_i2c_master_tb.generate_i2c_start ;
    %pushi/vec4 1, 0, 1;
    %store/vec4 v00000189fa1aba60_0, 0, 1;
    %pushi/vec4 0, 0, 1;
    %store/vec4 v00000189fa1ad360_0, 0, 1;
    %load/vec4 v00000189f9ddea90_0;
    %pad/u 64;
    %muli 1, 0, 64;
    %ix/vec4 4;
    %delayx 4;
    %pushi/vec4 0, 0, 1;
    %store/vec4 v00000189fa1aba60_0, 0, 1;
    %pushi/vec4 1, 0, 1;
    %store/vec4 v00000189fa1ad360_0, 0, 1;
    %end;
S_00000189f9d8b1a0 .scope task, "i2c_eeprom_random_read" "i2c_eeprom_random_read" 2 167, 2 167 0, S_00000189f9d5da30;
 .timescale -9 -9;
v00000189f9dde770_0 .var "addr", 7 0;
v00000189f9dde4f0_0 .var "recv_data", 7 0;
v00000189f9ddf030_0 .var "word_address", 15 0;
E_00000189f9dffdd0 .event anyedge, v00000189f9d60340_0;
E_00000189f9dffd10 .event anyedge, v00000189f9d60a20_0;
E_00000189f9dffd50 .event anyedge, v00000189f9d61060_0;
E_00000189f9dff5d0 .event anyedge, v00000189f9d60c00_0;
E_00000189f9dff610 .event posedge, v00000189f9d60d40_0;
E_00000189f9e00190 .event anyedge, v00000189f9d605c0_0;
TD_i2c_master_tb.i2c_eeprom_random_read ;
    %delay 0, 0;
    %pushi/vec4 0, 0, 1;
    %store/vec4 v00000189fa1ab600_0, 0, 1;
    %pushi/vec4 1, 0, 1;
    %store/vec4 v00000189fa1ad2c0_0, 0, 1;
    %pushi/vec4 166, 0, 16;
    %store/vec4 v00000189f9ddea90_0, 0, 16;
    %fork TD_i2c_master_tb.generate_i2c_start, S_00000189f9e0a5c0;
    %join;
T_1.0 ;
    %load/vec4 v00000189fa1abba0_0;
    %cmpi/ne 1, 0, 1;
    %jmp/0xz T_1.1, 6;
    %wait E_00000189f9e00190;
    %jmp T_1.0;
T_1.1 ;
    %load/vec4 v00000189f9dde770_0;
    %store/vec4 v00000189fa1acdc0_0, 0, 8;
T_1.2 ;
    %load/vec4 v00000189fa1ab7e0_0;
    %cmpi/ne 1, 0, 1;
    %jmp/0xz T_1.3, 6;
    %wait E_00000189f9dffd50;
    %jmp T_1.2;
T_1.3 ;
    %load/vec4 v00000189f9ddf030_0;
    %parti/s 8, 8, 5;
    %store/vec4 v00000189fa1aca00_0, 0, 8;
    %wait E_00000189f9dff610;
    %delay 1, 0;
    %pushi/vec4 1, 0, 1;
    %store/vec4 v00000189fa1ab740_0, 0, 1;
    %wait E_00000189f9dff610;
    %delay 1, 0;
    %pushi/vec4 0, 0, 1;
    %store/vec4 v00000189fa1ab740_0, 0, 1;
T_1.4 ;
    %load/vec4 v00000189fa1ab7e0_0;
    %cmpi/ne 1, 0, 1;
    %jmp/0xz T_1.5, 6;
    %wait E_00000189f9dffd50;
    %jmp T_1.4;
T_1.5 ;
    %load/vec4 v00000189f9ddf030_0;
    %parti/s 8, 0, 2;
    %store/vec4 v00000189fa1aca00_0, 0, 8;
    %wait E_00000189f9dff610;
    %delay 1, 0;
    %pushi/vec4 1, 0, 1;
    %store/vec4 v00000189fa1ab740_0, 0, 1;
    %wait E_00000189f9dff610;
    %delay 1, 0;
    %pushi/vec4 0, 0, 1;
    %store/vec4 v00000189fa1ab740_0, 0, 1;
T_1.6 ;
    %load/vec4 v00000189fa1ab7e0_0;
    %cmpi/ne 1, 0, 1;
    %jmp/0xz T_1.7, 6;
    %wait E_00000189f9dffd50;
    %jmp T_1.6;
T_1.7 ;
    %pushi/vec4 1, 0, 1;
    %store/vec4 v00000189fa1ab600_0, 0, 1;
T_1.8 ;
    %load/vec4 v00000189fa1acc80_0;
    %cmpi/ne 1, 0, 1;
    %jmp/0xz T_1.9, 6;
    %wait E_00000189f9dff5d0;
    %jmp T_1.8;
T_1.9 ;
T_1.10 ;
    %load/vec4 v00000189fa1ab7e0_0;
    %cmpi/ne 1, 0, 1;
    %jmp/0xz T_1.11, 6;
    %wait E_00000189f9dffd50;
    %jmp T_1.10;
T_1.11 ;
    %pushi/vec4 0, 0, 1;
    %store/vec4 v00000189fa1ad2c0_0, 0, 1;
T_1.12 ;
    %load/vec4 v00000189fa1ad4a0_0;
    %cmpi/ne 1, 0, 1;
    %jmp/0xz T_1.13, 6;
    %wait E_00000189f9dffd10;
    %jmp T_1.12;
T_1.13 ;
    %load/vec4 v00000189fa1acb40_0;
    %store/vec4 v00000189f9dde4f0_0, 0, 8;
T_1.14 ;
    %load/vec4 v00000189fa1abf60_0;
    %cmpi/ne 1, 0, 1;
    %jmp/0xz T_1.15, 6;
    %wait E_00000189f9dffdd0;
    %jmp T_1.14;
T_1.15 ;
    %vpi_call 2 206 "$strobe", "\012[%d]addr:0x%h word_addr:0x%h byte:0x%h i2c_eeprom_random_read done!\012", $time, v00000189f9dde770_0, v00000189f9ddf030_0, v00000189f9dde4f0_0 {0 0 0};
    %end;
S_00000189f9d8b330 .scope task, "i2c_recv_bytes" "i2c_recv_bytes" 2 134, 2 134 0, S_00000189f9d5da30;
 .timescale -9 -9;
v00000189f9dde630_0 .var "addr", 7 0;
v00000189f9dde950_0 .var/i "i", 31 0;
v00000189f9ddf5d0_0 .var "num", 7 0;
v00000189f9ddffd0_0 .var "recv_data", 7 0;
E_00000189f9dffe50 .event anyedge, v00000189f9d608e0_0;
E_00000189f9e001d0 .event posedge, v00000189fa1ace60_0;
TD_i2c_master_tb.i2c_recv_bytes ;
    %delay 0, 0;
    %pushi/vec4 0, 0, 8;
    %store/vec4 v00000189f9ddffd0_0, 0, 8;
    %pushi/vec4 1, 0, 1;
    %store/vec4 v00000189fa1ab600_0, 0, 1;
    %pushi/vec4 1, 0, 1;
    %store/vec4 v00000189fa1abec0_0, 0, 1;
    %vpi_call 2 145 "$strobe", "\012[%d]addr:0x%h num:0x%h i2c_recv_bytes start!>>>", $time, v00000189f9dde630_0, v00000189f9ddf5d0_0 {0 0 0};
    %pushi/vec4 166, 0, 16;
    %store/vec4 v00000189f9ddea90_0, 0, 16;
    %fork TD_i2c_master_tb.generate_i2c_start, S_00000189f9e0a5c0;
    %join;
T_2.16 ;
    %load/vec4 v00000189fa1abba0_0;
    %cmpi/ne 1, 0, 1;
    %jmp/0xz T_2.17, 6;
    %wait E_00000189f9e00190;
    %jmp T_2.16;
T_2.17 ;
    %load/vec4 v00000189f9dde630_0;
    %store/vec4 v00000189fa1acdc0_0, 0, 8;
T_2.18 ;
    %load/vec4 v00000189fa1ab7e0_0;
    %cmpi/ne 1, 0, 1;
    %jmp/0xz T_2.19, 6;
    %wait E_00000189f9dffd50;
    %jmp T_2.18;
T_2.19 ;
    %pushi/vec4 0, 0, 32;
    %store/vec4 v00000189f9dde950_0, 0, 32;
T_2.20 ;
    %load/vec4 v00000189f9dde950_0;
    %load/vec4 v00000189f9ddf5d0_0;
    %pad/u 32;
    %cmp/u;
    %jmp/0xz T_2.21, 5;
T_2.22 ;
    %load/vec4 v00000189fa1ad4a0_0;
    %cmpi/ne 1, 0, 1;
    %jmp/0xz T_2.23, 6;
    %wait E_00000189f9dffd10;
    %jmp T_2.22;
T_2.23 ;
    %load/vec4 v00000189fa1acb40_0;
    %assign/vec4 v00000189f9ddffd0_0, 0;
    %vpi_call 2 155 "$strobe", "[%d]byte:0x%h", $time, v00000189f9ddffd0_0 {0 0 0};
    %wait E_00000189f9e001d0;
    ; show_stmt_assign_vector: Get l-value for compressed += operand
    %load/vec4 v00000189f9dde950_0;
    %pushi/vec4 1, 0, 32;
    %add;
    %store/vec4 v00000189f9dde950_0, 0, 32;
    %jmp T_2.20;
T_2.21 ;
    %pushi/vec4 0, 0, 1;
    %store/vec4 v00000189fa1abec0_0, 0, 1;
T_2.24 ;
    %load/vec4 v00000189fa1ac3c0_0;
    %cmpi/ne 1, 0, 1;
    %jmp/0xz T_2.25, 6;
    %wait E_00000189f9dffe50;
    %jmp T_2.24;
T_2.25 ;
T_2.26 ;
    %load/vec4 v00000189fa1abf60_0;
    %cmpi/ne 1, 0, 1;
    %jmp/0xz T_2.27, 6;
    %wait E_00000189f9dffdd0;
    %jmp T_2.26;
T_2.27 ;
    %vpi_call 2 163 "$strobe", "[%d]i2c_recv_bytes done!<<<\012", $time {0 0 0};
    %end;
S_00000189f9d965a0 .scope task, "i2c_recv_one_byte" "i2c_recv_one_byte" 2 111, 2 111 0, S_00000189f9d5da30;
 .timescale -9 -9;
v00000189f9dde8b0_0 .var "addr", 7 0;
v00000189f9dde270_0 .var "recv_data", 7 0;
TD_i2c_master_tb.i2c_recv_one_byte ;
    %delay 0, 0;
    %pushi/vec4 0, 0, 8;
    %store/vec4 v00000189f9dde270_0, 0, 8;
    %pushi/vec4 1, 0, 1;
    %store/vec4 v00000189fa1ab600_0, 0, 1;
    %pushi/vec4 0, 0, 1;
    %store/vec4 v00000189fa1abec0_0, 0, 1;
    %pushi/vec4 166, 0, 16;
    %store/vec4 v00000189f9ddea90_0, 0, 16;
    %fork TD_i2c_master_tb.generate_i2c_start, S_00000189f9e0a5c0;
    %join;
T_3.28 ;
    %load/vec4 v00000189fa1abba0_0;
    %cmpi/ne 1, 0, 1;
    %jmp/0xz T_3.29, 6;
    %wait E_00000189f9e00190;
    %jmp T_3.28;
T_3.29 ;
    %load/vec4 v00000189f9dde8b0_0;
    %store/vec4 v00000189fa1acdc0_0, 0, 8;
T_3.30 ;
    %load/vec4 v00000189fa1ab7e0_0;
    %cmpi/ne 1, 0, 1;
    %jmp/0xz T_3.31, 6;
    %wait E_00000189f9dffd50;
    %jmp T_3.30;
T_3.31 ;
T_3.32 ;
    %load/vec4 v00000189fa1ad4a0_0;
    %cmpi/ne 1, 0, 1;
    %jmp/0xz T_3.33, 6;
    %wait E_00000189f9dffd10;
    %jmp T_3.32;
T_3.33 ;
    %load/vec4 v00000189fa1acb40_0;
    %store/vec4 v00000189f9dde270_0, 0, 8;
T_3.34 ;
    %load/vec4 v00000189fa1abf60_0;
    %cmpi/ne 1, 0, 1;
    %jmp/0xz T_3.35, 6;
    %wait E_00000189f9dffdd0;
    %jmp T_3.34;
T_3.35 ;
    %vpi_call 2 130 "$strobe", "\012[%d]byte:0x%h i2c_recv_one_byte done!\012", $time, v00000189f9dde270_0 {0 0 0};
    %end;
S_00000189f9d96730 .scope task, "i2c_send_bytes" "i2c_send_bytes" 2 67, 2 67 0, S_00000189f9d5da30;
 .timescale -9 -9;
v00000189f9ddf7b0_0 .var "addr", 7 0;
v00000189f9ddeb30_0 .var "bytes", 63 0;
v00000189f9dde9f0_0 .var/i "i", 31 0;
v00000189f9dde310_0 .var "num", 7 0;
v00000189f9ddf490_0 .var "temp_bytes", 63 0;
TD_i2c_master_tb.i2c_send_bytes ;
    %delay 0, 0;
    %pushi/vec4 1, 0, 1;
    %store/vec4 v00000189fa1ad2c0_0, 0, 1;
    %load/vec4 v00000189f9ddeb30_0;
    %store/vec4 v00000189f9ddf490_0, 0, 64;
    %pushi/vec4 0, 0, 1;
    %store/vec4 v00000189fa1ab600_0, 0, 1;
    %pushi/vec4 166, 0, 16;
    %store/vec4 v00000189f9ddea90_0, 0, 16;
    %fork TD_i2c_master_tb.generate_i2c_start, S_00000189f9e0a5c0;
    %join;
T_4.36 ;
    %load/vec4 v00000189fa1abba0_0;
    %cmpi/ne 1, 0, 1;
    %jmp/0xz T_4.37, 6;
    %wait E_00000189f9e00190;
    %jmp T_4.36;
T_4.37 ;
    %load/vec4 v00000189f9ddf7b0_0;
    %store/vec4 v00000189fa1acdc0_0, 0, 8;
T_4.38 ;
    %load/vec4 v00000189fa1ab7e0_0;
    %cmpi/ne 1, 0, 1;
    %jmp/0xz T_4.39, 6;
    %wait E_00000189f9dffd50;
    %jmp T_4.38;
T_4.39 ;
    %pushi/vec4 0, 0, 32;
    %store/vec4 v00000189f9dde9f0_0, 0, 32;
T_4.40 ;
    %load/vec4 v00000189f9dde9f0_0;
    %load/vec4 v00000189f9dde310_0;
    %pad/u 32;
    %cmp/u;
    %jmp/0xz T_4.41, 5;
    %load/vec4 v00000189f9ddeb30_0;
    %parti/s 8, 0, 2;
    %assign/vec4 v00000189fa1aca00_0, 0;
    %load/vec4 v00000189f9ddeb30_0;
    %ix/load 4, 8, 0;
    %flag_set/imm 4, 0;
    %shiftr 4;
    %assign/vec4 v00000189f9ddeb30_0, 0;
    %wait E_00000189f9dff610;
    %delay 1, 0;
    %pushi/vec4 1, 0, 1;
    %store/vec4 v00000189fa1ab740_0, 0, 1;
    %wait E_00000189f9dff610;
    %delay 1, 0;
    %pushi/vec4 0, 0, 1;
    %store/vec4 v00000189fa1ab740_0, 0, 1;
    %load/vec4 v00000189f9dde9f0_0;
    %load/vec4 v00000189f9dde310_0;
    %pad/u 32;
    %subi 1, 0, 32;
    %cmp/e;
    %jmp/0xz  T_4.42, 4;
    %pushi/vec4 0, 0, 1;
    %store/vec4 v00000189fa1ad2c0_0, 0, 1;
T_4.44 ;
    %load/vec4 v00000189fa1ac3c0_0;
    %cmpi/ne 1, 0, 1;
    %jmp/0xz T_4.45, 6;
    %wait E_00000189f9dffe50;
    %jmp T_4.44;
T_4.45 ;
    %jmp T_4.43;
T_4.42 ;
    %pushi/vec4 1, 0, 1;
    %store/vec4 v00000189fa1ad2c0_0, 0, 1;
T_4.46 ;
    %load/vec4 v00000189fa1ab7e0_0;
    %cmpi/ne 1, 0, 1;
    %jmp/0xz T_4.47, 6;
    %wait E_00000189f9dffd50;
    %jmp T_4.46;
T_4.47 ;
T_4.43 ;
    ; show_stmt_assign_vector: Get l-value for compressed += operand
    %load/vec4 v00000189f9dde9f0_0;
    %pushi/vec4 1, 0, 32;
    %add;
    %store/vec4 v00000189f9dde9f0_0, 0, 32;
    %jmp T_4.40;
T_4.41 ;
T_4.48 ;
    %load/vec4 v00000189fa1ac3c0_0;
    %cmpi/ne 1, 0, 1;
    %jmp/0xz T_4.49, 6;
    %wait E_00000189f9dffe50;
    %jmp T_4.48;
T_4.49 ;
T_4.50 ;
    %load/vec4 v00000189fa1abf60_0;
    %cmpi/ne 1, 0, 1;
    %jmp/0xz T_4.51, 6;
    %wait E_00000189f9dffdd0;
    %jmp T_4.50;
T_4.51 ;
    %end;
S_00000189f9d32d20 .scope task, "i2c_send_one_byte" "i2c_send_one_byte" 2 41, 2 41 0, S_00000189f9d5da30;
 .timescale -9 -9;
v00000189f9ddf210_0 .var "addr", 7 0;
v00000189f9ddec70_0 .var "byte", 7 0;
TD_i2c_master_tb.i2c_send_one_byte ;
    %delay 0, 0;
    %pushi/vec4 0, 0, 1;
    %store/vec4 v00000189fa1ad2c0_0, 0, 1;
    %pushi/vec4 0, 0, 1;
    %store/vec4 v00000189fa1ab600_0, 0, 1;
    %pushi/vec4 166, 0, 16;
    %store/vec4 v00000189f9ddea90_0, 0, 16;
    %fork TD_i2c_master_tb.generate_i2c_start, S_00000189f9e0a5c0;
    %join;
T_5.52 ;
    %load/vec4 v00000189fa1abba0_0;
    %cmpi/ne 1, 0, 1;
    %jmp/0xz T_5.53, 6;
    %wait E_00000189f9e00190;
    %jmp T_5.52;
T_5.53 ;
    %load/vec4 v00000189f9ddf210_0;
    %store/vec4 v00000189fa1acdc0_0, 0, 8;
T_5.54 ;
    %load/vec4 v00000189fa1ab7e0_0;
    %cmpi/ne 1, 0, 1;
    %jmp/0xz T_5.55, 6;
    %wait E_00000189f9dffd50;
    %jmp T_5.54;
T_5.55 ;
    %load/vec4 v00000189f9ddec70_0;
    %store/vec4 v00000189fa1aca00_0, 0, 8;
    %wait E_00000189f9dff610;
    %delay 1, 0;
    %pushi/vec4 1, 0, 1;
    %store/vec4 v00000189fa1ab740_0, 0, 1;
    %wait E_00000189f9dff610;
    %delay 1, 0;
    %pushi/vec4 0, 0, 1;
    %store/vec4 v00000189fa1ab740_0, 0, 1;
T_5.56 ;
    %load/vec4 v00000189fa1ac3c0_0;
    %cmpi/ne 1, 0, 1;
    %jmp/0xz T_5.57, 6;
    %wait E_00000189f9dffe50;
    %jmp T_5.56;
T_5.57 ;
T_5.58 ;
    %load/vec4 v00000189fa1abf60_0;
    %cmpi/ne 1, 0, 1;
    %jmp/0xz T_5.59, 6;
    %wait E_00000189f9dffdd0;
    %jmp T_5.58;
T_5.59 ;
    %end;
S_00000189f9d32eb0 .scope task, "i2c_sim_rd" "i2c_sim_rd" 2 211, 2 211 0, S_00000189f9d5da30;
 .timescale -9 -9;
v00000189f9ddfdf0_0 .var/i "i", 31 0;
v00000189f9ddebd0_0 .var/i "j", 31 0;
v00000189f9dded10_0 .var "num", 7 0;
v00000189f9ddf0d0_0 .var "sim_rd", 7 0;
E_00000189f9e00210 .event anyedge, v00000189fa1ad360_0;
TD_i2c_master_tb.i2c_sim_rd ;
    %delay 0, 0;
    %pushi/vec4 0, 0, 8;
    %store/vec4 v00000189f9ddf0d0_0, 0, 8;
    %vpi_call 2 220 "$strobe", "\012[%d]i2c_sim_rd start!>>>", $time {0 0 0};
T_6.60 ;
    %load/vec4 v00000189fa1ad360_0;
    %cmpi/ne 1, 0, 1;
    %jmp/0xz T_6.61, 6;
    %wait E_00000189f9e00210;
    %jmp T_6.60;
T_6.61 ;
    %pushi/vec4 0, 0, 32;
    %store/vec4 v00000189f9ddfdf0_0, 0, 32;
T_6.62 ;
    %load/vec4 v00000189f9ddfdf0_0;
    %load/vec4 v00000189f9dded10_0;
    %pad/u 32;
    %cmp/u;
    %jmp/0xz T_6.63, 5;
    %pushi/vec4 0, 0, 32;
    %store/vec4 v00000189f9ddebd0_0, 0, 32;
T_6.64 ;
    %load/vec4 v00000189f9ddebd0_0;
    %cmpi/s 8, 0, 32;
    %jmp/0xz T_6.65, 5;
    %wait E_00000189f9e001d0;
    %load/vec4 v00000189f9ddf0d0_0;
    %parti/s 7, 0, 2;
    %load/vec4 v00000189fa1ab6a0_0;
    %concat/vec4; draw_concat_vec4
    %store/vec4 v00000189f9ddf0d0_0, 0, 8;
    ; show_stmt_assign_vector: Get l-value for compressed += operand
    %load/vec4 v00000189f9ddebd0_0;
    %pushi/vec4 1, 0, 32;
    %add;
    %store/vec4 v00000189f9ddebd0_0, 0, 32;
    %jmp T_6.64;
T_6.65 ;
    %wait E_00000189f9e001d0;
    %vpi_call 2 233 "$strobe", "[%d]rd:0x%h", $time, v00000189f9ddf0d0_0 {0 0 0};
    ; show_stmt_assign_vector: Get l-value for compressed += operand
    %load/vec4 v00000189f9ddfdf0_0;
    %pushi/vec4 1, 0, 32;
    %add;
    %store/vec4 v00000189f9ddfdf0_0, 0, 32;
    %jmp T_6.62;
T_6.63 ;
    %vpi_call 2 236 "$strobe", "[%d]i2c_sim_rd done!<<<\012", $time {0 0 0};
    %end;
S_00000189f9d33040 .scope task, "i2c_sim_wr" "i2c_sim_wr" 2 241, 2 241 0, S_00000189f9d5da30;
 .timescale -9 -9;
v00000189f9ddf170_0 .var "bytes", 63 0;
v00000189f9ddf2b0_0 .var "data_send", 7 0;
v00000189f9ddedb0_0 .var/i "i", 31 0;
v00000189f9ddfc10_0 .var/i "j", 31 0;
v00000189f9ddee50_0 .var "num", 7 0;
E_00000189f9dff690 .event negedge, v00000189fa1ace60_0;
TD_i2c_master_tb.i2c_sim_wr ;
T_7.66 ;
    %load/vec4 v00000189fa1ad360_0;
    %cmpi/ne 1, 0, 1;
    %jmp/0xz T_7.67, 6;
    %wait E_00000189f9e00210;
    %jmp T_7.66;
T_7.67 ;
    %pushi/vec4 0, 0, 32;
    %store/vec4 v00000189f9ddedb0_0, 0, 32;
T_7.68 ;
    %load/vec4 v00000189f9ddedb0_0;
    %load/vec4 v00000189f9ddee50_0;
    %pad/u 32;
    %cmp/u;
    %jmp/0xz T_7.69, 5;
T_7.70 ;
    %load/vec4 v00000189fa1ab7e0_0;
    %cmpi/ne 1, 0, 1;
    %jmp/0xz T_7.71, 6;
    %wait E_00000189f9dffd50;
    %jmp T_7.70;
T_7.71 ;
    %pushi/vec4 0, 0, 1;
    %assign/vec4 v00000189fa1abc40_0, 0;
    %load/vec4 v00000189f9ddf170_0;
    %parti/s 8, 0, 2;
    %assign/vec4 v00000189f9ddf2b0_0, 1;
    %load/vec4 v00000189f9ddf170_0;
    %ix/load 4, 8, 0;
    %flag_set/imm 4, 0;
    %shiftr 4;
    %assign/vec4 v00000189f9ddf170_0, 1;
    %pushi/vec4 0, 0, 32;
    %store/vec4 v00000189f9ddfc10_0, 0, 32;
T_7.72 ;
    %load/vec4 v00000189f9ddfc10_0;
    %cmpi/s 8, 0, 32;
    %jmp/0xz T_7.73, 5;
    %wait E_00000189f9dff690;
    %load/vec4 v00000189f9ddf2b0_0;
    %parti/s 1, 7, 4;
    %assign/vec4 v00000189fa1abc40_0, 1;
    %load/vec4 v00000189f9ddf2b0_0;
    %ix/load 4, 1, 0;
    %flag_set/imm 4, 0;
    %shiftl 4;
    %assign/vec4 v00000189f9ddf2b0_0, 1;
    ; show_stmt_assign_vector: Get l-value for compressed += operand
    %load/vec4 v00000189f9ddfc10_0;
    %pushi/vec4 1, 0, 32;
    %add;
    %store/vec4 v00000189f9ddfc10_0, 0, 32;
    %jmp T_7.72;
T_7.73 ;
    ; show_stmt_assign_vector: Get l-value for compressed += operand
    %load/vec4 v00000189f9ddedb0_0;
    %pushi/vec4 1, 0, 32;
    %add;
    %store/vec4 v00000189f9ddedb0_0, 0, 32;
    %jmp T_7.68;
T_7.69 ;
    %end;
S_00000189f9e1ea90 .scope module, "u_i2c_master" "i2c_master" 2 355, 3 34 0, S_00000189f9d5da30;
 .timescale -9 -9;
    .port_info 0 /INPUT 1 "clk";
    .port_info 1 /INPUT 1 "rst_n";
    .port_info 2 /INPUT 1 "init_finish";
    .port_info 3 /INPUT 1 "scl_in";
    .port_info 4 /OUTPUT 1 "scl_out";
    .port_info 5 /INPUT 1 "sda_in";
    .port_info 6 /OUTPUT 1 "sda_out";
    .port_info 7 /INPUT 8 "slave_addr";
    .port_info 8 /INPUT 1 "i2c_rw";
    .port_info 9 /INPUT 1 "i2c_begin";
    .port_info 10 /INPUT 1 "conti_write";
    .port_info 11 /INPUT 1 "conti_receive";
    .port_info 12 /INPUT 8 "write_data";
    .port_info 13 /INPUT 1 "write_en";
    .port_info 14 /OUTPUT 8 "read_data";
    .port_info 15 /OUTPUT 1 "read_en";
    .port_info 16 /OUTPUT 1 "flag_start";
    .port_info 17 /OUTPUT 1 "flag_restar";
    .port_info 18 /OUTPUT 1 "flag_ack";
    .port_info 19 /OUTPUT 1 "flag_nack";
    .port_info 20 /OUTPUT 1 "flag_stop";
P_00000189f9e1ec20 .param/l "FILTER" 0 3 36, +C4<00000000000000000000000000000001>;
P_00000189f9e1ec58 .param/l "FILTER_WIDTH" 0 3 98, +C4<00000000000000000000000000000010>;
P_00000189f9e1ec90 .param/l "PRESCALER" 0 3 38, +C4<00000000000000000000000000000011>;
P_00000189f9e1ecc8 .param/l "STATE_ACK0" 1 3 103, C4<0011>;
P_00000189f9e1ed00 .param/l "STATE_ACK1" 1 3 105, C4<0101>;
P_00000189f9e1ed38 .param/l "STATE_ACK2" 1 3 107, C4<0111>;
P_00000189f9e1ed70 .param/l "STATE_ADDR" 1 3 102, C4<0010>;
P_00000189f9e1eda8 .param/l "STATE_IDLE" 1 3 100, C4<0000>;
P_00000189f9e1ede0 .param/l "STATE_NACK" 1 3 108, C4<1000>;
P_00000189f9e1ee18 .param/l "STATE_RD_DAT" 1 3 106, C4<0110>;
P_00000189f9e1ee50 .param/l "STATE_RESTART" 1 3 110, C4<1010>;
P_00000189f9e1ee88 .param/l "STATE_START" 1 3 101, C4<0001>;
P_00000189f9e1eec0 .param/l "STATE_STOP" 1 3 109, C4<1001>;
P_00000189f9e1eef8 .param/l "STATE_WR_DAT" 1 3 104, C4<0100>;
P_00000189f9e1ef30 .param/l "U_DLY" 0 3 37, +C4<00000000000000000000000000000001>;
L_00000189f9dfb2f0 .functor NOT 1, L_00000189fa1ab880, C4<0>, C4<0>, C4<0>;
L_00000189f9dfad40 .functor AND 1, L_00000189f9dfb2f0, L_00000189fa1ac780, C4<1>, C4<1>;
v00000189f9ddf8f0_0 .net *"_ivl_1", 0 0, L_00000189fa1ab880;  1 drivers
L_00000189fa1ad7d8 .functor BUFT 1, C4<000000000000000000000000>, C4<0>, C4<0>, C4<0>;
v00000189f9ddf530_0 .net *"_ivl_11", 23 0, L_00000189fa1ad7d8;  1 drivers
L_00000189fa1ad820 .functor BUFT 1, C4<00000000000000000000000000000011>, C4<0>, C4<0>, C4<0>;
v00000189f9ddf990_0 .net/2u *"_ivl_12", 31 0, L_00000189fa1ad820;  1 drivers
v00000189f9ddfa30_0 .net *"_ivl_14", 0 0, L_00000189fa1ac960;  1 drivers
L_00000189fa1ad868 .functor BUFT 1, C4<1>, C4<0>, C4<0>, C4<0>;
v00000189f9ddfe90_0 .net/2u *"_ivl_16", 0 0, L_00000189fa1ad868;  1 drivers
L_00000189fa1ad8b0 .functor BUFT 1, C4<0>, C4<0>, C4<0>, C4<0>;
v00000189f9ddff30_0 .net/2u *"_ivl_18", 0 0, L_00000189fa1ad8b0;  1 drivers
v00000189f9de0070_0 .net *"_ivl_2", 0 0, L_00000189f9dfb2f0;  1 drivers
v00000189f9dde1d0_0 .net *"_ivl_5", 0 0, L_00000189fa1ac780;  1 drivers
v00000189f9d603e0_0 .net *"_ivl_8", 31 0, L_00000189fa1abb00;  1 drivers
v00000189f9d60d40_0 .net "clk", 0 0, v00000189fa1ad220_0;  1 drivers
v00000189f9d60520_0 .var "cnt_clk", 7 0;
v00000189f9d611a0_0 .net "cnt_clk_reload", 0 0, L_00000189fa1ac280;  1 drivers
v00000189f9d60ac0_0 .var "cnt_sda", 7 0;
v00000189f9d602a0_0 .net "conti_receive", 0 0, v00000189fa1abec0_0;  1 drivers
v00000189f9d60ca0_0 .net "conti_write", 0 0, v00000189fa1ad2c0_0;  1 drivers
v00000189f9d60840_0 .var "curr_state", 7 0;
v00000189f9d60de0_0 .var "data_send", 7 0;
v00000189f9d61060_0 .var "flag_ack", 0 0;
v00000189f9d608e0_0 .var "flag_nack", 0 0;
v00000189f9d60c00_0 .var "flag_restar", 0 0;
v00000189f9d605c0_0 .var "flag_start", 0 0;
v00000189f9d60340_0 .var "flag_stop", 0 0;
v00000189f9d60980_0 .net "i2c_begin", 0 0, v00000189fa1aba60_0;  1 drivers
v00000189f9d60f20_0 .var "i2c_begin_dly", 3 0;
v00000189f9d60e80_0 .net "i2c_begin_sig", 0 0, L_00000189f9dfad40;  1 drivers
v00000189f9d61100_0 .net "i2c_rw", 0 0, v00000189fa1ab600_0;  1 drivers
v00000189f9d60480_0 .net "init_finish", 0 0, v00000189fa1ad400_0;  1 drivers
v00000189f9d60700_0 .var "next_state", 7 0;
v00000189f9d607a0_0 .var "read_data", 7 0;
v00000189f9d60a20_0 .var "read_en", 0 0;
v00000189f9d60fc0_0 .net "rst_n", 0 0, v00000189fa1ac1e0_0;  1 drivers
v00000189fa1ac320_0 .var "scl_cnt", 3 0;
v00000189fa1acbe0_0 .var "scl_dly", 0 0;
o00000189fa160bf8 .functor BUFZ 1, C4<z>; HiZ drive
v00000189fa1ad0e0_0 .net "scl_in", 0 0, o00000189fa160bf8;  0 drivers
v00000189fa1ac820_0 .var "scl_neg", 0 0;
v00000189fa1ace60_0 .var "scl_out", 0 0;
v00000189fa1ad180_0 .var "scl_pos", 0 0;
v00000189fa1acaa0_0 .net "sda_filter", 0 0, L_00000189f9dfb6e0;  1 drivers
v00000189fa1abce0_0 .net "sda_in", 0 0, v00000189fa1abc40_0;  1 drivers
v00000189fa1ac5a0_0 .var "sda_out", 0 0;
v00000189fa1acd20_0 .net "slave_addr", 7 0, v00000189fa1acdc0_0;  1 drivers
v00000189fa1ac640_0 .net "write_data", 7 0, v00000189fa1aca00_0;  1 drivers
v00000189fa1ac8c0_0 .net "write_en", 0 0, v00000189fa1ab740_0;  1 drivers
E_00000189f9e00b90/0 .event anyedge, v00000189f9d60840_0, v00000189f9d60e80_0, v00000189f9d60480_0, v00000189fa1ac320_0;
E_00000189f9e00b90/1 .event anyedge, v00000189f9d611a0_0, v00000189f9d60ac0_0, v00000189fa1ac820_0, v00000189fa1ad180_0;
E_00000189f9e00b90/2 .event anyedge, v00000189fa1acaa0_0, v00000189f9d61100_0, v00000189f9d60ca0_0, v00000189f9d602a0_0;
E_00000189f9e00b90 .event/or E_00000189f9e00b90/0, E_00000189f9e00b90/1, E_00000189f9e00b90/2;
L_00000189fa1ab880 .part v00000189f9d60f20_0, 3, 1;
L_00000189fa1ac780 .part v00000189f9d60f20_0, 2, 1;
L_00000189fa1abb00 .concat [ 8 24 0 0], v00000189f9d60520_0, L_00000189fa1ad7d8;
L_00000189fa1ac960 .cmp/eq 32, L_00000189fa1abb00, L_00000189fa1ad820;
L_00000189fa1ac280 .functor MUXZ 1, L_00000189fa1ad8b0, L_00000189fa1ad868, L_00000189fa1ac960, C4<>;
S_00000189fa1aa010 .scope generate, "genblk1" "genblk1" 3 406, 3 406 0, S_00000189f9e1ea90;
 .timescale -9 -9;
L_00000189f9dfb6e0 .functor BUFZ 1, v00000189f9ddf3f0_0, C4<0>, C4<0>, C4<0>;
v00000189f9ddf350_0 .var "sda_filter_cnt", 3 0;
v00000189f9ddf3f0_0 .var "sda_filter_reg", 0 0;
E_00000189f9e009d0/0 .event negedge, v00000189f9d60fc0_0;
E_00000189f9e009d0/1 .event posedge, v00000189f9d60d40_0;
E_00000189f9e009d0 .event/or E_00000189f9e009d0/0, E_00000189f9e009d0/1;
S_00000189f9d5c480 .scope module, "testCase" "testCase" 4 4;
 .timescale -9 -9;
E_00000189f9e00bd0 .event anyedge, v00000189f9d60480_0;
    .scope S_00000189fa1aa010;
T_8 ;
    %wait E_00000189f9e009d0;
    %load/vec4 v00000189f9d60fc0_0;
    %cmpi/e 0, 0, 1;
    %jmp/0xz  T_8.0, 4;
    %pushi/vec4 0, 0, 4;
    %assign/vec4 v00000189f9ddf350_0, 1;
    %jmp T_8.1;
T_8.0 ;
    %load/vec4 v00000189f9ddf350_0;
    %parti/s 3, 0, 2;
    %load/vec4 v00000189fa1abce0_0;
    %concat/vec4; draw_concat_vec4
    %assign/vec4 v00000189f9ddf350_0, 1;
T_8.1 ;
    %jmp T_8;
    .thread T_8;
    .scope S_00000189fa1aa010;
T_9 ;
    %wait E_00000189f9e009d0;
    %load/vec4 v00000189f9d60fc0_0;
    %cmpi/e 0, 0, 1;
    %jmp/0xz  T_9.0, 4;
    %pushi/vec4 1, 0, 1;
    %assign/vec4 v00000189f9ddf3f0_0, 1;
    %jmp T_9.1;
T_9.0 ;
    %load/vec4 v00000189f9ddf350_0;
    %parti/s 2, 0, 2;
    %cmpi/e 0, 0, 2;
    %jmp/0xz  T_9.2, 4;
    %pushi/vec4 0, 0, 1;
    %assign/vec4 v00000189f9ddf3f0_0, 1;
    %jmp T_9.3;
T_9.2 ;
    %pushi/vec4 1, 0, 1;
    %assign/vec4 v00000189f9ddf3f0_0, 1;
T_9.3 ;
T_9.1 ;
    %jmp T_9;
    .thread T_9;
    .scope S_00000189f9e1ea90;
T_10 ;
    %wait E_00000189f9e009d0;
    %load/vec4 v00000189f9d60fc0_0;
    %cmpi/e 0, 0, 1;
    %jmp/0xz  T_10.0, 4;
    %pushi/vec4 0, 0, 8;
    %assign/vec4 v00000189f9d60840_0, 1;
    %jmp T_10.1;
T_10.0 ;
    %load/vec4 v00000189f9d60700_0;
    %assign/vec4 v00000189f9d60840_0, 1;
T_10.1 ;
    %jmp T_10;
    .thread T_10;
    .scope S_00000189f9e1ea90;
T_11 ;
    %wait E_00000189f9e00b90;
    %load/vec4 v00000189f9d60840_0;
    %dup/vec4;
    %pushi/vec4 0, 0, 8;
    %cmp/u;
    %jmp/1 T_11.0, 6;
    %dup/vec4;
    %pushi/vec4 1, 0, 8;
    %cmp/u;
    %jmp/1 T_11.1, 6;
    %dup/vec4;
    %pushi/vec4 2, 0, 8;
    %cmp/u;
    %jmp/1 T_11.2, 6;
    %dup/vec4;
    %pushi/vec4 3, 0, 8;
    %cmp/u;
    %jmp/1 T_11.3, 6;
    %dup/vec4;
    %pushi/vec4 4, 0, 8;
    %cmp/u;
    %jmp/1 T_11.4, 6;
    %dup/vec4;
    %pushi/vec4 5, 0, 8;
    %cmp/u;
    %jmp/1 T_11.5, 6;
    %dup/vec4;
    %pushi/vec4 6, 0, 8;
    %cmp/u;
    %jmp/1 T_11.6, 6;
    %dup/vec4;
    %pushi/vec4 7, 0, 8;
    %cmp/u;
    %jmp/1 T_11.7, 6;
    %dup/vec4;
    %pushi/vec4 8, 0, 8;
    %cmp/u;
    %jmp/1 T_11.8, 6;
    %dup/vec4;
    %pushi/vec4 9, 0, 8;
    %cmp/u;
    %jmp/1 T_11.9, 6;
    %dup/vec4;
    %pushi/vec4 10, 0, 8;
    %cmp/u;
    %jmp/1 T_11.10, 6;
    %pushi/vec4 0, 0, 8;
    %store/vec4 v00000189f9d60700_0, 0, 8;
    %jmp T_11.12;
T_11.0 ;
    %load/vec4 v00000189f9d60e80_0;
    %cmpi/e 1, 0, 1;
    %flag_get/vec4 4;
    %jmp/0 T_11.15, 4;
    %load/vec4 v00000189f9d60480_0;
    %pushi/vec4 1, 0, 1;
    %cmp/e;
    %flag_get/vec4 4;
    %and;
T_11.15;
    %flag_set/vec4 8;
    %jmp/0xz  T_11.13, 8;
    %pushi/vec4 1, 0, 8;
    %store/vec4 v00000189f9d60700_0, 0, 8;
    %jmp T_11.14;
T_11.13 ;
    %pushi/vec4 0, 0, 8;
    %store/vec4 v00000189f9d60700_0, 0, 8;
T_11.14 ;
    %jmp T_11.12;
T_11.1 ;
    %load/vec4 v00000189fa1ac320_0;
    %cmpi/e 15, 0, 4;
    %flag_get/vec4 4;
    %jmp/0 T_11.18, 4;
    %load/vec4 v00000189f9d611a0_0;
    %pushi/vec4 1, 0, 1;
    %cmp/e;
    %flag_get/vec4 4;
    %and;
T_11.18;
    %flag_set/vec4 8;
    %jmp/0xz  T_11.16, 8;
    %pushi/vec4 2, 0, 8;
    %store/vec4 v00000189f9d60700_0, 0, 8;
    %jmp T_11.17;
T_11.16 ;
    %pushi/vec4 1, 0, 8;
    %store/vec4 v00000189f9d60700_0, 0, 8;
T_11.17 ;
    %jmp T_11.12;
T_11.2 ;
    %load/vec4 v00000189f9d60ac0_0;
    %cmpi/e 8, 0, 8;
    %flag_get/vec4 4;
    %jmp/0 T_11.21, 4;
    %load/vec4 v00000189fa1ac820_0;
    %pushi/vec4 1, 0, 1;
    %cmp/e;
    %flag_get/vec4 4;
    %and;
T_11.21;
    %flag_set/vec4 8;
    %jmp/0xz  T_11.19, 8;
    %pushi/vec4 3, 0, 8;
    %store/vec4 v00000189f9d60700_0, 0, 8;
    %jmp T_11.20;
T_11.19 ;
    %pushi/vec4 2, 0, 8;
    %store/vec4 v00000189f9d60700_0, 0, 8;
T_11.20 ;
    %jmp T_11.12;
T_11.3 ;
    %load/vec4 v00000189fa1ad180_0;
    %cmpi/e 1, 0, 1;
    %flag_get/vec4 4;
    %jmp/0 T_11.24, 4;
    %load/vec4 v00000189fa1acaa0_0;
    %pushi/vec4 0, 0, 1;
    %cmp/e;
    %flag_get/vec4 4;
    %and;
T_11.24;
    %flag_set/vec4 8;
    %jmp/0xz  T_11.22, 8;
    %load/vec4 v00000189f9d61100_0;
    %cmpi/e 0, 0, 1;
    %jmp/0xz  T_11.25, 4;
    %pushi/vec4 4, 0, 8;
    %store/vec4 v00000189f9d60700_0, 0, 8;
    %jmp T_11.26;
T_11.25 ;
    %pushi/vec4 6, 0, 8;
    %store/vec4 v00000189f9d60700_0, 0, 8;
T_11.26 ;
    %jmp T_11.23;
T_11.22 ;
    %load/vec4 v00000189fa1ad180_0;
    %cmpi/e 1, 0, 1;
    %flag_get/vec4 4;
    %jmp/0 T_11.29, 4;
    %load/vec4 v00000189fa1acaa0_0;
    %pushi/vec4 1, 0, 1;
    %cmp/e;
    %flag_get/vec4 4;
    %and;
T_11.29;
    %flag_set/vec4 8;
    %jmp/0xz  T_11.27, 8;
    %pushi/vec4 9, 0, 8;
    %store/vec4 v00000189f9d60700_0, 0, 8;
    %jmp T_11.28;
T_11.27 ;
    %pushi/vec4 3, 0, 8;
    %store/vec4 v00000189f9d60700_0, 0, 8;
T_11.28 ;
T_11.23 ;
    %jmp T_11.12;
T_11.4 ;
    %load/vec4 v00000189f9d60ac0_0;
    %cmpi/e 8, 0, 8;
    %flag_get/vec4 4;
    %jmp/0 T_11.32, 4;
    %load/vec4 v00000189fa1ac820_0;
    %pushi/vec4 1, 0, 1;
    %cmp/e;
    %flag_get/vec4 4;
    %and;
T_11.32;
    %flag_set/vec4 8;
    %jmp/0xz  T_11.30, 8;
    %load/vec4 v00000189f9d60ca0_0;
    %cmpi/e 1, 0, 1;
    %jmp/0xz  T_11.33, 4;
    %pushi/vec4 5, 0, 8;
    %store/vec4 v00000189f9d60700_0, 0, 8;
    %jmp T_11.34;
T_11.33 ;
    %pushi/vec4 8, 0, 8;
    %store/vec4 v00000189f9d60700_0, 0, 8;
T_11.34 ;
    %jmp T_11.31;
T_11.30 ;
    %pushi/vec4 4, 0, 8;
    %store/vec4 v00000189f9d60700_0, 0, 8;
T_11.31 ;
    %jmp T_11.12;
T_11.5 ;
    %load/vec4 v00000189fa1ad180_0;
    %cmpi/e 1, 0, 1;
    %flag_get/vec4 4;
    %jmp/0 T_11.37, 4;
    %load/vec4 v00000189fa1acaa0_0;
    %pushi/vec4 0, 0, 1;
    %cmp/e;
    %flag_get/vec4 4;
    %and;
T_11.37;
    %flag_set/vec4 8;
    %jmp/0xz  T_11.35, 8;
    %load/vec4 v00000189f9d61100_0;
    %cmpi/e 0, 0, 1;
    %jmp/0xz  T_11.38, 4;
    %pushi/vec4 4, 0, 8;
    %store/vec4 v00000189f9d60700_0, 0, 8;
    %jmp T_11.39;
T_11.38 ;
    %pushi/vec4 10, 0, 8;
    %store/vec4 v00000189f9d60700_0, 0, 8;
T_11.39 ;
    %jmp T_11.36;
T_11.35 ;
    %load/vec4 v00000189fa1ad180_0;
    %cmpi/e 1, 0, 1;
    %flag_get/vec4 4;
    %jmp/0 T_11.42, 4;
    %load/vec4 v00000189fa1acaa0_0;
    %pushi/vec4 1, 0, 1;
    %cmp/e;
    %flag_get/vec4 4;
    %and;
T_11.42;
    %flag_set/vec4 8;
    %jmp/0xz  T_11.40, 8;
    %pushi/vec4 9, 0, 8;
    %store/vec4 v00000189f9d60700_0, 0, 8;
    %jmp T_11.41;
T_11.40 ;
    %pushi/vec4 5, 0, 8;
    %store/vec4 v00000189f9d60700_0, 0, 8;
T_11.41 ;
T_11.36 ;
    %jmp T_11.12;
T_11.6 ;
    %load/vec4 v00000189f9d60ac0_0;
    %cmpi/e 8, 0, 8;
    %flag_get/vec4 4;
    %jmp/0 T_11.45, 4;
    %load/vec4 v00000189fa1ac820_0;
    %pushi/vec4 1, 0, 1;
    %cmp/e;
    %flag_get/vec4 4;
    %and;
T_11.45;
    %flag_set/vec4 8;
    %jmp/0xz  T_11.43, 8;
    %load/vec4 v00000189f9d602a0_0;
    %cmpi/e 1, 0, 1;
    %jmp/0xz  T_11.46, 4;
    %pushi/vec4 7, 0, 8;
    %store/vec4 v00000189f9d60700_0, 0, 8;
    %jmp T_11.47;
T_11.46 ;
    %pushi/vec4 8, 0, 8;
    %store/vec4 v00000189f9d60700_0, 0, 8;
T_11.47 ;
    %jmp T_11.44;
T_11.43 ;
    %pushi/vec4 6, 0, 8;
    %store/vec4 v00000189f9d60700_0, 0, 8;
T_11.44 ;
    %jmp T_11.12;
T_11.7 ;
    %load/vec4 v00000189fa1ad180_0;
    %cmpi/e 1, 0, 1;
    %jmp/0xz  T_11.48, 4;
    %pushi/vec4 6, 0, 8;
    %store/vec4 v00000189f9d60700_0, 0, 8;
    %jmp T_11.49;
T_11.48 ;
    %pushi/vec4 7, 0, 8;
    %store/vec4 v00000189f9d60700_0, 0, 8;
T_11.49 ;
    %jmp T_11.12;
T_11.8 ;
    %load/vec4 v00000189fa1ad180_0;
    %cmpi/e 1, 0, 1;
    %jmp/0xz  T_11.50, 4;
    %pushi/vec4 9, 0, 8;
    %store/vec4 v00000189f9d60700_0, 0, 8;
    %jmp T_11.51;
T_11.50 ;
    %pushi/vec4 8, 0, 8;
    %store/vec4 v00000189f9d60700_0, 0, 8;
T_11.51 ;
    %jmp T_11.12;
T_11.9 ;
    %load/vec4 v00000189fa1ac320_0;
    %cmpi/e 15, 0, 4;
    %flag_get/vec4 4;
    %jmp/0 T_11.54, 4;
    %load/vec4 v00000189f9d611a0_0;
    %pushi/vec4 1, 0, 1;
    %cmp/e;
    %flag_get/vec4 4;
    %and;
T_11.54;
    %flag_set/vec4 8;
    %jmp/0xz  T_11.52, 8;
    %pushi/vec4 0, 0, 8;
    %store/vec4 v00000189f9d60700_0, 0, 8;
    %jmp T_11.53;
T_11.52 ;
    %pushi/vec4 9, 0, 8;
    %store/vec4 v00000189f9d60700_0, 0, 8;
T_11.53 ;
    %jmp T_11.12;
T_11.10 ;
    %pushi/vec4 1, 0, 8;
    %store/vec4 v00000189f9d60700_0, 0, 8;
    %jmp T_11.12;
T_11.12 ;
    %pop/vec4 1;
    %jmp T_11;
    .thread T_11, $push;
    .scope S_00000189f9e1ea90;
T_12 ;
    %wait E_00000189f9e009d0;
    %load/vec4 v00000189f9d60fc0_0;
    %cmpi/e 0, 0, 1;
    %jmp/0xz  T_12.0, 4;
    %pushi/vec4 1, 0, 1;
    %assign/vec4 v00000189fa1ace60_0, 1;
    %jmp T_12.1;
T_12.0 ;
    %load/vec4 v00000189f9d60840_0;
    %cmpi/ne 0, 0, 8;
    %flag_get/vec4 4;
    %jmp/0 T_12.4, 4;
    %load/vec4 v00000189f9d60840_0;
    %pushi/vec4 9, 0, 8;
    %cmp/ne;
    %flag_get/vec4 4;
    %and;
T_12.4;
    %flag_set/vec4 8;
    %jmp/0xz  T_12.2, 8;
    %load/vec4 v00000189fa1ac320_0;
    %cmpi/e 15, 0, 4;
    %flag_get/vec4 4;
    %jmp/0 T_12.7, 4;
    %load/vec4 v00000189f9d611a0_0;
    %pushi/vec4 1, 0, 1;
    %cmp/e;
    %flag_get/vec4 4;
    %and;
T_12.7;
    %flag_set/vec4 8;
    %jmp/0xz  T_12.5, 8;
    %load/vec4 v00000189fa1ace60_0;
    %inv;
    %assign/vec4 v00000189fa1ace60_0, 1;
T_12.5 ;
    %jmp T_12.3;
T_12.2 ;
    %pushi/vec4 1, 0, 1;
    %assign/vec4 v00000189fa1ace60_0, 1;
T_12.3 ;
T_12.1 ;
    %jmp T_12;
    .thread T_12;
    .scope S_00000189f9e1ea90;
T_13 ;
    %wait E_00000189f9e009d0;
    %load/vec4 v00000189f9d60fc0_0;
    %cmpi/e 0, 0, 1;
    %jmp/0xz  T_13.0, 4;
    %pushi/vec4 1, 0, 1;
    %assign/vec4 v00000189fa1ac5a0_0, 1;
    %jmp T_13.1;
T_13.0 ;
    %load/vec4 v00000189f9d60840_0;
    %cmpi/e 7, 0, 8;
    %jmp/0xz  T_13.2, 4;
    %pushi/vec4 0, 0, 1;
    %assign/vec4 v00000189fa1ac5a0_0, 1;
    %jmp T_13.3;
T_13.2 ;
    %load/vec4 v00000189f9d60840_0;
    %dup/vec4;
    %pushi/vec4 1, 0, 8;
    %cmp/u;
    %jmp/1 T_13.4, 6;
    %dup/vec4;
    %pushi/vec4 2, 0, 8;
    %cmp/u;
    %jmp/1 T_13.5, 6;
    %dup/vec4;
    %pushi/vec4 4, 0, 8;
    %cmp/u;
    %jmp/1 T_13.6, 6;
    %dup/vec4;
    %pushi/vec4 8, 0, 8;
    %cmp/u;
    %jmp/1 T_13.7, 6;
    %dup/vec4;
    %pushi/vec4 9, 0, 8;
    %cmp/u;
    %jmp/1 T_13.8, 6;
    %pushi/vec4 1, 0, 1;
    %assign/vec4 v00000189fa1ac5a0_0, 1;
    %jmp T_13.10;
T_13.4 ;
    %load/vec4 v00000189fa1ac320_0;
    %cmpi/e 3, 0, 4;
    %flag_get/vec4 4;
    %jmp/0 T_13.13, 4;
    %load/vec4 v00000189f9d611a0_0;
    %pushi/vec4 1, 0, 1;
    %cmp/e;
    %flag_get/vec4 4;
    %and;
T_13.13;
    %flag_set/vec4 8;
    %jmp/0xz  T_13.11, 8;
    %pushi/vec4 0, 0, 1;
    %assign/vec4 v00000189fa1ac5a0_0, 1;
T_13.11 ;
    %jmp T_13.10;
T_13.5 ;
    %load/vec4 v00000189fa1ac820_0;
    %cmpi/e 1, 0, 1;
    %jmp/0xz  T_13.14, 4;
    %load/vec4 v00000189f9d60de0_0;
    %parti/s 1, 7, 4;
    %assign/vec4 v00000189fa1ac5a0_0, 1;
    %load/vec4 v00000189f9d60de0_0;
    %parti/s 7, 0, 2;
    %concati/vec4 1, 0, 1;
    %assign/vec4 v00000189f9d60de0_0, 1;
T_13.14 ;
    %jmp T_13.10;
T_13.6 ;
    %load/vec4 v00000189fa1ac820_0;
    %cmpi/e 1, 0, 1;
    %jmp/0xz  T_13.16, 4;
    %load/vec4 v00000189f9d60de0_0;
    %parti/s 1, 7, 4;
    %assign/vec4 v00000189fa1ac5a0_0, 1;
    %load/vec4 v00000189f9d60de0_0;
    %parti/s 7, 0, 2;
    %concati/vec4 1, 0, 1;
    %assign/vec4 v00000189f9d60de0_0, 1;
T_13.16 ;
    %jmp T_13.10;
T_13.7 ;
    %load/vec4 v00000189fa1ad180_0;
    %cmpi/e 1, 0, 1;
    %jmp/0xz  T_13.18, 4;
    %pushi/vec4 0, 0, 1;
    %assign/vec4 v00000189fa1ac5a0_0, 1;
T_13.18 ;
    %jmp T_13.10;
T_13.8 ;
    %load/vec4 v00000189fa1ac320_0;
    %cmpi/e 3, 0, 4;
    %flag_get/vec4 4;
    %jmp/0 T_13.22, 4;
    %load/vec4 v00000189f9d611a0_0;
    %pushi/vec4 1, 0, 1;
    %cmp/e;
    %flag_get/vec4 4;
    %and;
T_13.22;
    %flag_set/vec4 8;
    %jmp/0xz  T_13.20, 8;
    %pushi/vec4 1, 0, 1;
    %assign/vec4 v00000189fa1ac5a0_0, 1;
T_13.20 ;
    %jmp T_13.10;
T_13.10 ;
    %pop/vec4 1;
T_13.3 ;
T_13.1 ;
    %jmp T_13;
    .thread T_13;
    .scope S_00000189f9e1ea90;
T_14 ;
    %wait E_00000189f9e009d0;
    %load/vec4 v00000189f9d60fc0_0;
    %cmpi/e 0, 0, 1;
    %jmp/0xz  T_14.0, 4;
    %pushi/vec4 0, 0, 8;
    %assign/vec4 v00000189f9d60de0_0, 1;
    %jmp T_14.1;
T_14.0 ;
    %load/vec4 v00000189f9d60840_0;
    %dup/vec4;
    %pushi/vec4 1, 0, 8;
    %cmp/u;
    %jmp/1 T_14.2, 6;
    %dup/vec4;
    %pushi/vec4 3, 0, 8;
    %cmp/u;
    %jmp/1 T_14.3, 6;
    %dup/vec4;
    %pushi/vec4 5, 0, 8;
    %cmp/u;
    %jmp/1 T_14.4, 6;
    %jmp T_14.5;
T_14.2 ;
    %load/vec4 v00000189fa1acd20_0;
    %parti/s 7, 1, 2;
    %load/vec4 v00000189f9d61100_0;
    %concat/vec4; draw_concat_vec4
    %assign/vec4 v00000189f9d60de0_0, 1;
    %jmp T_14.5;
T_14.3 ;
    %load/vec4 v00000189fa1ac8c0_0;
    %cmpi/e 1, 0, 1;
    %jmp/0xz  T_14.6, 4;
    %load/vec4 v00000189fa1ac640_0;
    %assign/vec4 v00000189f9d60de0_0, 1;
    %jmp T_14.7;
T_14.6 ;
    %load/vec4 v00000189f9d60de0_0;
    %assign/vec4 v00000189f9d60de0_0, 1;
T_14.7 ;
    %jmp T_14.5;
T_14.4 ;
    %load/vec4 v00000189fa1ac8c0_0;
    %cmpi/e 1, 0, 1;
    %jmp/0xz  T_14.8, 4;
    %load/vec4 v00000189fa1ac640_0;
    %assign/vec4 v00000189f9d60de0_0, 1;
    %jmp T_14.9;
T_14.8 ;
    %load/vec4 v00000189f9d60de0_0;
    %assign/vec4 v00000189f9d60de0_0, 1;
T_14.9 ;
    %jmp T_14.5;
T_14.5 ;
    %pop/vec4 1;
T_14.1 ;
    %jmp T_14;
    .thread T_14;
    .scope S_00000189f9e1ea90;
T_15 ;
    %wait E_00000189f9e009d0;
    %load/vec4 v00000189f9d60fc0_0;
    %cmpi/e 0, 0, 1;
    %jmp/0xz  T_15.0, 4;
    %pushi/vec4 0, 0, 4;
    %assign/vec4 v00000189f9d60f20_0, 1;
    %jmp T_15.1;
T_15.0 ;
    %load/vec4 v00000189f9d60980_0;
    %cmpi/e 1, 0, 1;
    %jmp/0xz  T_15.2, 4;
    %load/vec4 v00000189f9d60f20_0;
    %parti/s 3, 0, 2;
    %concati/vec4 1, 0, 1;
    %assign/vec4 v00000189f9d60f20_0, 1;
    %jmp T_15.3;
T_15.2 ;
    %load/vec4 v00000189f9d60f20_0;
    %parti/s 3, 0, 2;
    %concati/vec4 0, 0, 1;
    %assign/vec4 v00000189f9d60f20_0, 1;
T_15.3 ;
T_15.1 ;
    %jmp T_15;
    .thread T_15;
    .scope S_00000189f9e1ea90;
T_16 ;
    %wait E_00000189f9e009d0;
    %load/vec4 v00000189f9d60fc0_0;
    %cmpi/e 0, 0, 1;
    %jmp/0xz  T_16.0, 4;
    %pushi/vec4 0, 0, 8;
    %assign/vec4 v00000189f9d60520_0, 1;
    %jmp T_16.1;
T_16.0 ;
    %load/vec4 v00000189f9d60840_0;
    %cmpi/e 0, 0, 8;
    %jmp/0xz  T_16.2, 4;
    %pushi/vec4 0, 0, 8;
    %assign/vec4 v00000189f9d60520_0, 1;
    %jmp T_16.3;
T_16.2 ;
    %load/vec4 v00000189f9d60520_0;
    %pad/u 32;
    %cmpi/e 3, 0, 32;
    %jmp/0xz  T_16.4, 4;
    %pushi/vec4 0, 0, 8;
    %assign/vec4 v00000189f9d60520_0, 1;
    %jmp T_16.5;
T_16.4 ;
    %load/vec4 v00000189f9d60520_0;
    %addi 1, 0, 8;
    %assign/vec4 v00000189f9d60520_0, 1;
T_16.5 ;
T_16.3 ;
T_16.1 ;
    %jmp T_16;
    .thread T_16;
    .scope S_00000189f9e1ea90;
T_17 ;
    %wait E_00000189f9e009d0;
    %load/vec4 v00000189f9d60fc0_0;
    %cmpi/e 0, 0, 1;
    %jmp/0xz  T_17.0, 4;
    %pushi/vec4 1, 0, 4;
    %assign/vec4 v00000189fa1ac320_0, 1;
    %jmp T_17.1;
T_17.0 ;
    %load/vec4 v00000189f9d60520_0;
    %pad/u 32;
    %cmpi/e 3, 0, 32;
    %flag_get/vec4 4;
    %jmp/0 T_17.4, 4;
    %load/vec4 v00000189fa1ac320_0;
    %pushi/vec4 15, 0, 4;
    %cmp/e;
    %flag_get/vec4 4;
    %and;
T_17.4;
    %flag_set/vec4 8;
    %jmp/0xz  T_17.2, 8;
    %pushi/vec4 1, 0, 4;
    %assign/vec4 v00000189fa1ac320_0, 1;
    %jmp T_17.3;
T_17.2 ;
    %load/vec4 v00000189f9d60520_0;
    %pad/u 32;
    %cmpi/e 3, 0, 32;
    %jmp/0xz  T_17.5, 4;
    %load/vec4 v00000189fa1ac320_0;
    %parti/s 3, 0, 2;
    %concati/vec4 1, 0, 1;
    %assign/vec4 v00000189fa1ac320_0, 1;
    %jmp T_17.6;
T_17.5 ;
    %load/vec4 v00000189fa1ac320_0;
    %assign/vec4 v00000189fa1ac320_0, 1;
T_17.6 ;
T_17.3 ;
T_17.1 ;
    %jmp T_17;
    .thread T_17;
    .scope S_00000189f9e1ea90;
T_18 ;
    %wait E_00000189f9e009d0;
    %load/vec4 v00000189f9d60fc0_0;
    %cmpi/e 0, 0, 1;
    %jmp/0xz  T_18.0, 4;
    %pushi/vec4 1, 0, 1;
    %assign/vec4 v00000189fa1acbe0_0, 1;
    %jmp T_18.1;
T_18.0 ;
    %load/vec4 v00000189fa1ace60_0;
    %assign/vec4 v00000189fa1acbe0_0, 1;
T_18.1 ;
    %jmp T_18;
    .thread T_18;
    .scope S_00000189f9e1ea90;
T_19 ;
    %wait E_00000189f9e009d0;
    %load/vec4 v00000189f9d60fc0_0;
    %cmpi/e 0, 0, 1;
    %jmp/0xz  T_19.0, 4;
    %pushi/vec4 0, 0, 1;
    %assign/vec4 v00000189fa1ad180_0, 1;
    %jmp T_19.1;
T_19.0 ;
    %load/vec4 v00000189fa1ace60_0;
    %cmpi/e 1, 0, 1;
    %flag_get/vec4 4;
    %jmp/0 T_19.4, 4;
    %load/vec4 v00000189fa1acbe0_0;
    %pushi/vec4 0, 0, 1;
    %cmp/e;
    %flag_get/vec4 4;
    %and;
T_19.4;
    %flag_set/vec4 8;
    %jmp/0xz  T_19.2, 8;
    %pushi/vec4 1, 0, 1;
    %assign/vec4 v00000189fa1ad180_0, 1;
    %jmp T_19.3;
T_19.2 ;
    %pushi/vec4 0, 0, 1;
    %assign/vec4 v00000189fa1ad180_0, 1;
T_19.3 ;
T_19.1 ;
    %jmp T_19;
    .thread T_19;
    .scope S_00000189f9e1ea90;
T_20 ;
    %wait E_00000189f9e009d0;
    %load/vec4 v00000189f9d60fc0_0;
    %cmpi/e 0, 0, 1;
    %jmp/0xz  T_20.0, 4;
    %pushi/vec4 0, 0, 1;
    %assign/vec4 v00000189fa1ac820_0, 1;
    %jmp T_20.1;
T_20.0 ;
    %load/vec4 v00000189fa1ace60_0;
    %cmpi/e 0, 0, 1;
    %flag_get/vec4 4;
    %jmp/0 T_20.4, 4;
    %load/vec4 v00000189fa1acbe0_0;
    %pushi/vec4 1, 0, 1;
    %cmp/e;
    %flag_get/vec4 4;
    %and;
T_20.4;
    %flag_set/vec4 8;
    %jmp/0xz  T_20.2, 8;
    %pushi/vec4 1, 0, 1;
    %assign/vec4 v00000189fa1ac820_0, 1;
    %jmp T_20.3;
T_20.2 ;
    %pushi/vec4 0, 0, 1;
    %assign/vec4 v00000189fa1ac820_0, 1;
T_20.3 ;
T_20.1 ;
    %jmp T_20;
    .thread T_20;
    .scope S_00000189f9e1ea90;
T_21 ;
    %wait E_00000189f9e009d0;
    %load/vec4 v00000189f9d60fc0_0;
    %cmpi/e 0, 0, 1;
    %jmp/0xz  T_21.0, 4;
    %pushi/vec4 0, 0, 8;
    %assign/vec4 v00000189f9d60ac0_0, 1;
    %jmp T_21.1;
T_21.0 ;
    %load/vec4 v00000189f9d60ac0_0;
    %cmpi/e 8, 0, 8;
    %flag_get/vec4 4;
    %jmp/0 T_21.4, 4;
    %load/vec4 v00000189fa1ad180_0;
    %pushi/vec4 1, 0, 1;
    %cmp/e;
    %flag_get/vec4 4;
    %and;
T_21.4;
    %flag_set/vec4 8;
    %jmp/0xz  T_21.2, 8;
    %pushi/vec4 0, 0, 8;
    %assign/vec4 v00000189f9d60ac0_0, 1;
    %jmp T_21.3;
T_21.2 ;
    %load/vec4 v00000189f9d60840_0;
    %cmpi/e 2, 0, 8;
    %jmp/1 T_21.9, 4;
    %flag_mov 9, 4;
    %load/vec4 v00000189f9d60840_0;
    %cmpi/e 4, 0, 8;
    %flag_or 4, 9;
T_21.9;
    %jmp/1 T_21.8, 4;
    %flag_mov 9, 4;
    %load/vec4 v00000189f9d60840_0;
    %cmpi/e 6, 0, 8;
    %flag_or 4, 9;
T_21.8;
    %flag_get/vec4 4;
    %jmp/0 T_21.7, 4;
    %load/vec4 v00000189fa1ad180_0;
    %pushi/vec4 1, 0, 1;
    %cmp/e;
    %flag_get/vec4 4;
    %and;
T_21.7;
    %flag_set/vec4 8;
    %jmp/0xz  T_21.5, 8;
    %load/vec4 v00000189f9d60ac0_0;
    %addi 1, 0, 8;
    %assign/vec4 v00000189f9d60ac0_0, 1;
    %jmp T_21.6;
T_21.5 ;
    %load/vec4 v00000189f9d60840_0;
    %cmpi/e 1, 0, 8;
    %jmp/1 T_21.13, 4;
    %flag_mov 8, 4;
    %load/vec4 v00000189f9d60840_0;
    %cmpi/e 9, 0, 8;
    %flag_or 4, 8;
T_21.13;
    %jmp/1 T_21.12, 4;
    %flag_mov 8, 4;
    %load/vec4 v00000189f9d60840_0;
    %cmpi/e 10, 0, 8;
    %flag_or 4, 8;
T_21.12;
    %jmp/0xz  T_21.10, 4;
    %pushi/vec4 0, 0, 8;
    %assign/vec4 v00000189f9d60ac0_0, 1;
T_21.10 ;
T_21.6 ;
T_21.3 ;
T_21.1 ;
    %jmp T_21;
    .thread T_21;
    .scope S_00000189f9e1ea90;
T_22 ;
    %wait E_00000189f9e009d0;
    %load/vec4 v00000189f9d60fc0_0;
    %cmpi/e 0, 0, 1;
    %jmp/0xz  T_22.0, 4;
    %pushi/vec4 0, 0, 8;
    %assign/vec4 v00000189f9d607a0_0, 1;
    %jmp T_22.1;
T_22.0 ;
    %load/vec4 v00000189f9d60840_0;
    %cmpi/e 6, 0, 8;
    %flag_get/vec4 4;
    %jmp/0 T_22.4, 4;
    %load/vec4 v00000189fa1ad180_0;
    %pushi/vec4 1, 0, 1;
    %cmp/e;
    %flag_get/vec4 4;
    %and;
T_22.4;
    %flag_set/vec4 8;
    %jmp/0xz  T_22.2, 8;
    %load/vec4 v00000189f9d607a0_0;
    %parti/s 7, 0, 2;
    %load/vec4 v00000189fa1acaa0_0;
    %concat/vec4; draw_concat_vec4
    %assign/vec4 v00000189f9d607a0_0, 1;
    %jmp T_22.3;
T_22.2 ;
    %load/vec4 v00000189f9d60840_0;
    %cmpi/e 0, 0, 8;
    %jmp/0xz  T_22.5, 4;
    %pushi/vec4 0, 0, 8;
    %assign/vec4 v00000189f9d607a0_0, 1;
    %jmp T_22.6;
T_22.5 ;
    %load/vec4 v00000189f9d607a0_0;
    %assign/vec4 v00000189f9d607a0_0, 1;
T_22.6 ;
T_22.3 ;
T_22.1 ;
    %jmp T_22;
    .thread T_22;
    .scope S_00000189f9e1ea90;
T_23 ;
    %wait E_00000189f9e009d0;
    %load/vec4 v00000189f9d60fc0_0;
    %cmpi/e 0, 0, 1;
    %jmp/0xz  T_23.0, 4;
    %pushi/vec4 0, 0, 1;
    %assign/vec4 v00000189f9d60a20_0, 1;
    %jmp T_23.1;
T_23.0 ;
    %load/vec4 v00000189f9d60840_0;
    %cmpi/e 6, 0, 8;
    %flag_get/vec4 4;
    %jmp/0 T_23.4, 4;
    %load/vec4 v00000189f9d60700_0;
    %cmpi/e 7, 0, 8;
    %flag_get/vec4 4;
    %jmp/1 T_23.5, 4;
    %load/vec4 v00000189f9d60700_0;
    %pushi/vec4 8, 0, 8;
    %cmp/e;
    %flag_get/vec4 4;
    %or;
T_23.5;
    %and;
T_23.4;
    %flag_set/vec4 8;
    %jmp/0xz  T_23.2, 8;
    %pushi/vec4 1, 0, 1;
    %assign/vec4 v00000189f9d60a20_0, 1;
    %jmp T_23.3;
T_23.2 ;
    %pushi/vec4 0, 0, 1;
    %assign/vec4 v00000189f9d60a20_0, 1;
T_23.3 ;
T_23.1 ;
    %jmp T_23;
    .thread T_23;
    .scope S_00000189f9e1ea90;
T_24 ;
    %wait E_00000189f9e009d0;
    %load/vec4 v00000189f9d60fc0_0;
    %cmpi/e 0, 0, 1;
    %jmp/0xz  T_24.0, 4;
    %pushi/vec4 0, 0, 1;
    %assign/vec4 v00000189f9d61060_0, 1;
    %pushi/vec4 0, 0, 1;
    %assign/vec4 v00000189f9d608e0_0, 1;
    %jmp T_24.1;
T_24.0 ;
    %load/vec4 v00000189f9d60840_0;
    %cmpi/e 2, 0, 8;
    %flag_get/vec4 4;
    %jmp/0 T_24.6, 4;
    %load/vec4 v00000189f9d60700_0;
    %pushi/vec4 3, 0, 8;
    %cmp/e;
    %flag_get/vec4 4;
    %and;
T_24.6;
    %flag_set/vec4 8;
    %jmp/1 T_24.5, 8;
    %load/vec4 v00000189f9d60840_0;
    %cmpi/e 4, 0, 8;
    %flag_get/vec4 4;
    %jmp/0 T_24.7, 4;
    %load/vec4 v00000189f9d60700_0;
    %pushi/vec4 5, 0, 8;
    %cmp/e;
    %flag_get/vec4 4;
    %and;
T_24.7;
    %flag_set/vec4 9;
    %flag_or 8, 9;
T_24.5;
    %jmp/1 T_24.4, 8;
    %load/vec4 v00000189f9d60840_0;
    %cmpi/e 6, 0, 8;
    %flag_get/vec4 4;
    %jmp/0 T_24.8, 4;
    %load/vec4 v00000189f9d60700_0;
    %pushi/vec4 7, 0, 8;
    %cmp/e;
    %flag_get/vec4 4;
    %and;
T_24.8;
    %flag_set/vec4 9;
    %flag_or 8, 9;
T_24.4;
    %jmp/0xz  T_24.2, 8;
    %pushi/vec4 1, 0, 1;
    %assign/vec4 v00000189f9d61060_0, 1;
    %jmp T_24.3;
T_24.2 ;
    %load/vec4 v00000189f9d60840_0;
    %cmpi/e 4, 0, 8;
    %jmp/1 T_24.12, 4;
    %flag_mov 9, 4;
    %load/vec4 v00000189f9d60840_0;
    %cmpi/e 6, 0, 8;
    %flag_or 4, 9;
T_24.12;
    %flag_get/vec4 4;
    %jmp/0 T_24.11, 4;
    %load/vec4 v00000189f9d60700_0;
    %pushi/vec4 8, 0, 8;
    %cmp/e;
    %flag_get/vec4 4;
    %and;
T_24.11;
    %flag_set/vec4 8;
    %jmp/0xz  T_24.9, 8;
    %pushi/vec4 1, 0, 1;
    %assign/vec4 v00000189f9d608e0_0, 1;
    %jmp T_24.10;
T_24.9 ;
    %pushi/vec4 0, 0, 1;
    %assign/vec4 v00000189f9d61060_0, 1;
    %pushi/vec4 0, 0, 1;
    %assign/vec4 v00000189f9d608e0_0, 1;
T_24.10 ;
T_24.3 ;
T_24.1 ;
    %jmp T_24;
    .thread T_24;
    .scope S_00000189f9e1ea90;
T_25 ;
    %wait E_00000189f9e009d0;
    %load/vec4 v00000189f9d60fc0_0;
    %cmpi/e 0, 0, 1;
    %jmp/0xz  T_25.0, 4;
    %pushi/vec4 0, 0, 1;
    %assign/vec4 v00000189f9d605c0_0, 1;
    %jmp T_25.1;
T_25.0 ;
    %load/vec4 v00000189f9d60840_0;
    %cmpi/e 0, 0, 8;
    %flag_get/vec4 4;
    %jmp/0 T_25.4, 4;
    %load/vec4 v00000189f9d60700_0;
    %pushi/vec4 1, 0, 8;
    %cmp/e;
    %flag_get/vec4 4;
    %and;
T_25.4;
    %flag_set/vec4 8;
    %jmp/0xz  T_25.2, 8;
    %pushi/vec4 1, 0, 1;
    %assign/vec4 v00000189f9d605c0_0, 1;
    %jmp T_25.3;
T_25.2 ;
    %pushi/vec4 0, 0, 1;
    %assign/vec4 v00000189f9d605c0_0, 1;
T_25.3 ;
T_25.1 ;
    %jmp T_25;
    .thread T_25;
    .scope S_00000189f9e1ea90;
T_26 ;
    %wait E_00000189f9e009d0;
    %load/vec4 v00000189f9d60fc0_0;
    %cmpi/e 0, 0, 1;
    %jmp/0xz  T_26.0, 4;
    %pushi/vec4 0, 0, 1;
    %assign/vec4 v00000189f9d60340_0, 1;
    %jmp T_26.1;
T_26.0 ;
    %load/vec4 v00000189f9d60840_0;
    %cmpi/e 9, 0, 8;
    %flag_get/vec4 4;
    %jmp/0 T_26.4, 4;
    %load/vec4 v00000189f9d60700_0;
    %pushi/vec4 0, 0, 8;
    %cmp/e;
    %flag_get/vec4 4;
    %and;
T_26.4;
    %flag_set/vec4 8;
    %jmp/0xz  T_26.2, 8;
    %pushi/vec4 1, 0, 1;
    %assign/vec4 v00000189f9d60340_0, 1;
    %jmp T_26.3;
T_26.2 ;
    %pushi/vec4 0, 0, 1;
    %assign/vec4 v00000189f9d60340_0, 1;
T_26.3 ;
T_26.1 ;
    %jmp T_26;
    .thread T_26;
    .scope S_00000189f9e1ea90;
T_27 ;
    %wait E_00000189f9e009d0;
    %load/vec4 v00000189f9d60fc0_0;
    %cmpi/e 0, 0, 1;
    %jmp/0xz  T_27.0, 4;
    %pushi/vec4 0, 0, 1;
    %assign/vec4 v00000189f9d60c00_0, 1;
    %jmp T_27.1;
T_27.0 ;
    %load/vec4 v00000189f9d60840_0;
    %cmpi/e 5, 0, 8;
    %flag_get/vec4 4;
    %jmp/0 T_27.4, 4;
    %load/vec4 v00000189f9d60700_0;
    %pushi/vec4 10, 0, 8;
    %cmp/e;
    %flag_get/vec4 4;
    %and;
T_27.4;
    %flag_set/vec4 8;
    %jmp/0xz  T_27.2, 8;
    %pushi/vec4 1, 0, 1;
    %assign/vec4 v00000189f9d60c00_0, 1;
    %jmp T_27.3;
T_27.2 ;
    %pushi/vec4 0, 0, 1;
    %assign/vec4 v00000189f9d60c00_0, 1;
T_27.3 ;
T_27.1 ;
    %jmp T_27;
    .thread T_27;
    .scope S_00000189f9d5da30;
T_28 ;
    %pushi/vec4 0, 0, 1;
    %store/vec4 v00000189fa1ad220_0, 0, 1;
T_28.0 ;
    %delay 41, 0;
    %load/vec4 v00000189fa1ad220_0;
    %inv;
    %store/vec4 v00000189fa1ad220_0, 0, 1;
    %jmp T_28.0;
    %end;
    .thread T_28;
    .scope S_00000189f9d5da30;
T_29 ;
    %delay 0, 0;
    %pushi/vec4 1, 0, 1;
    %store/vec4 v00000189fa1ac1e0_0, 0, 1;
    %delay 166, 0;
    %pushi/vec4 0, 0, 1;
    %store/vec4 v00000189fa1ac1e0_0, 0, 1;
    %delay 41, 0;
    %pushi/vec4 1, 0, 1;
    %store/vec4 v00000189fa1ac1e0_0, 0, 1;
    %end;
    .thread T_29;
    .scope S_00000189f9d5da30;
T_30 ;
    %delay 830, 0;
    %pushi/vec4 1, 0, 1;
    %store/vec4 v00000189fa1ad400_0, 0, 1;
    %end;
    .thread T_30;
    .scope S_00000189f9d5da30;
T_31 ;
    %delay 0, 0;
    %pushi/vec4 0, 0, 1;
    %store/vec4 v00000189fa1aba60_0, 0, 1;
    %pushi/vec4 0, 0, 1;
    %store/vec4 v00000189fa1ad360_0, 0, 1;
    %pushi/vec4 0, 0, 1;
    %store/vec4 v00000189fa1ab600_0, 0, 1;
    %pushi/vec4 0, 0, 1;
    %store/vec4 v00000189fa1ab740_0, 0, 1;
    %pushi/vec4 0, 0, 8;
    %store/vec4 v00000189fa1aca00_0, 0, 8;
    %pushi/vec4 0, 0, 1;
    %store/vec4 v00000189fa1ad2c0_0, 0, 1;
    %pushi/vec4 0, 0, 1;
    %store/vec4 v00000189fa1abec0_0, 0, 1;
    %pushi/vec4 0, 0, 8;
    %store/vec4 v00000189fa1acdc0_0, 0, 8;
    %pushi/vec4 0, 0, 1;
    %store/vec4 v00000189fa1abc40_0, 0, 1;
    %end;
    .thread T_31;
    .scope S_00000189f9d5da30;
T_32 ;
    %vpi_call 2 391 "$dumpfile", "i2c_master_tb.vcd" {0 0 0};
    %vpi_call 2 392 "$dumpvars", 32'sb00000000000000000000000000000000, S_00000189f9d5da30 {0 0 0};
    %delay 650000, 0;
    %vpi_call 2 394 "$display", "\012[%d]simulation done!\012", $time {0 0 0};
    %vpi_call 2 395 "$finish" {0 0 0};
    %end;
    .thread T_32;
    .scope S_00000189f9d5c480;
T_33 ;
T_33.0 ;
    %load/vec4 v00000189fa1ad400_0;
    %cmpi/ne 1, 0, 1;
    %jmp/0xz T_33.1, 6;
    %wait E_00000189f9e00bd0;
    %jmp T_33.0;
T_33.1 ;
    %pushi/vec4 160, 0, 8;
    %store/vec4 v00000189f9dde770_0, 0, 8;
    %pushi/vec4 4660, 0, 16;
    %store/vec4 v00000189f9ddf030_0, 0, 16;
    %fork TD_i2c_master_tb.i2c_eeprom_random_read, S_00000189f9d8b1a0;
    %join;
    %fork t_1, S_00000189f9d5c480;
    %fork t_2, S_00000189f9d5c480;
    %join;
    %join;
    %jmp t_0;
t_1 ;
    %pushi/vec4 160, 0, 8;
    %store/vec4 v00000189f9dde8b0_0, 0, 8;
    %fork TD_i2c_master_tb.i2c_recv_one_byte, S_00000189f9d965a0;
    %join;
    %end;
t_2 ;
    %pushi/vec4 172, 0, 64;
    %store/vec4 v00000189f9ddf170_0, 0, 64;
    %pushi/vec4 1, 0, 8;
    %store/vec4 v00000189f9ddee50_0, 0, 8;
    %fork TD_i2c_master_tb.i2c_sim_wr, S_00000189f9d33040;
    %join;
    %end;
    .scope S_00000189f9d5c480;
t_0 ;
    %fork t_4, S_00000189f9d5c480;
    %fork t_5, S_00000189f9d5c480;
    %join;
    %join;
    %jmp t_3;
t_4 ;
    %pushi/vec4 160, 0, 8;
    %store/vec4 v00000189f9dde630_0, 0, 8;
    %pushi/vec4 8, 0, 8;
    %store/vec4 v00000189f9ddf5d0_0, 0, 8;
    %fork TD_i2c_master_tb.i2c_recv_bytes, S_00000189f9d8b330;
    %join;
    %end;
t_5 ;
    %pushi/vec4 2289526357, 0, 32;
    %concati/vec4 1144201745, 0, 32;
    %store/vec4 v00000189f9ddf170_0, 0, 64;
    %pushi/vec4 8, 0, 8;
    %store/vec4 v00000189f9ddee50_0, 0, 8;
    %fork TD_i2c_master_tb.i2c_sim_wr, S_00000189f9d33040;
    %join;
    %end;
    .scope S_00000189f9d5c480;
t_3 ;
    %fork t_7, S_00000189f9d5c480;
    %fork t_8, S_00000189f9d5c480;
    %join;
    %join;
    %jmp t_6;
t_7 ;
    %pushi/vec4 160, 0, 8;
    %store/vec4 v00000189f9ddf210_0, 0, 8;
    %pushi/vec4 209, 0, 8;
    %store/vec4 v00000189f9ddec70_0, 0, 8;
    %fork TD_i2c_master_tb.i2c_send_one_byte, S_00000189f9d32d20;
    %join;
    %end;
t_8 ;
    %pushi/vec4 2, 0, 8;
    %store/vec4 v00000189f9dded10_0, 0, 8;
    %fork TD_i2c_master_tb.i2c_sim_rd, S_00000189f9d32eb0;
    %join;
    %end;
    .scope S_00000189f9d5c480;
t_6 ;
    %fork t_10, S_00000189f9d5c480;
    %fork t_11, S_00000189f9d5c480;
    %join;
    %join;
    %jmp t_9;
t_10 ;
    %pushi/vec4 176, 0, 8;
    %store/vec4 v00000189f9ddf210_0, 0, 8;
    %pushi/vec4 210, 0, 8;
    %store/vec4 v00000189f9ddec70_0, 0, 8;
    %fork TD_i2c_master_tb.i2c_send_one_byte, S_00000189f9d32d20;
    %join;
    %end;
t_11 ;
    %pushi/vec4 2, 0, 8;
    %store/vec4 v00000189f9dded10_0, 0, 8;
    %fork TD_i2c_master_tb.i2c_sim_rd, S_00000189f9d32eb0;
    %join;
    %end;
    .scope S_00000189f9d5c480;
t_9 ;
    %fork t_13, S_00000189f9d5c480;
    %fork t_14, S_00000189f9d5c480;
    %join;
    %join;
    %jmp t_12;
t_13 ;
    %pushi/vec4 192, 0, 8;
    %store/vec4 v00000189f9ddf7b0_0, 0, 8;
    %pushi/vec4 11143840, 0, 64;
    %store/vec4 v00000189f9ddeb30_0, 0, 64;
    %pushi/vec4 3, 0, 8;
    %store/vec4 v00000189f9dde310_0, 0, 8;
    %fork TD_i2c_master_tb.i2c_send_bytes, S_00000189f9d96730;
    %join;
    %end;
t_14 ;
    %pushi/vec4 4, 0, 8;
    %store/vec4 v00000189f9dded10_0, 0, 8;
    %fork TD_i2c_master_tb.i2c_sim_rd, S_00000189f9d32eb0;
    %join;
    %end;
    .scope S_00000189f9d5c480;
t_12 ;
    %vpi_call 4 40 "$finish" {0 0 0};
    %end;
    .thread T_33;
# The file index is used to find the file name in the following table.
:file_names 5;
    "N/A";
    "<interactive>";
    "./tb/i2c_master_tb.v";
    "./src/i2c_master.v";
    "./tb/testCase.v";
