VCD info: dumpfile test_case.vcd opened for output.

[              112976]addr:0xa0 word_addr:0x1234 byte:0x00 i2c_eeprom_random_read done!


[              158896]byte:0xac i2c_recv_one_byte done!


[              158896]addr:0xa0 num:0x08 i2c_recv_bytes start!>>>
[              202356]byte:0x11
[              224676]byte:0x22
[              246996]byte:0x33
[              269316]byte:0x44
[              291636]byte:0x55
[              313956]byte:0x66
[              336276]byte:0x77
[              358596]byte:0x88
[              383376]i2c_recv_bytes done!<<<


[              383376]i2c_sim_rd start!>>>
[              405736]rd:0xa0
[              428056]rd:0xd1
[              428056]i2c_sim_rd done!<<<


[              429296]i2c_sim_rd start!>>>
[              451656]rd:0xb0
[              473976]rd:0xd2
[              473976]i2c_sim_rd done!<<<


[              475216]i2c_sim_rd start!>>>
[              497576]rd:0xc0
[              519896]rd:0xa0
[              542216]rd:0x0a
[              564536]rd:0xaa
[              564536]i2c_sim_rd done!<<<


[              566776]simulation done!

./tb/test_case.v:56: $finish called at 566776000 (1ps)
